<?xml version="1.0" encoding="UTF-8"?>
<testng-results ignored="0" total="2" passed="2" failed="0" skipped="0">
  <reporter-output>
  </reporter-output>
  <suite started-at="2026-05-25T07:28:43 IST" name="Default suite" finished-at="2026-05-25T07:29:23 IST" duration-ms="40504">
    <groups>
      <group name="cucumber">
        <method signature="AbstractTestNGCucumberTests.runScenario(io.cucumber.testng.PickleWrapper,io.cucumber.testng.FeatureWrapper)[pri:0, instance:runner.TestRunner@7817fd62]" name="runScenario" class="io.cucumber.testng.AbstractTestNGCucumberTests"/>
      </group> <!-- cucumber -->
    </groups>
    <test started-at="2026-05-25T07:28:43 IST" name="Default test" finished-at="2026-05-25T07:29:23 IST" duration-ms="40504">
      <class name="runner.TestRunner">
        <test-method is-config="true" signature="setUpClass(org.testng.ITestContext)[pri:0, instance:runner.TestRunner@7817fd62]" started-at="2026-05-25T07:28:43 IST" name="setUpClass" finished-at="2026-05-25T07:28:43 IST" duration-ms="443" status="PASS">
          <params>
            <param index="0">
              <value>
                <![CDATA[org.testng.TestRunner@435e416c]]>
              </value>
            </param>
          </params>
          <reporter-output>
          </reporter-output>
        </test-method> <!-- setUpClass -->
        <test-method signature="runScenario(io.cucumber.testng.PickleWrapper,io.cucumber.testng.FeatureWrapper)[pri:0, instance:runner.TestRunner@7817fd62]" started-at="2026-05-25T07:28:43 IST" name="runScenario" description="Runs Cucumber Scenarios" data-provider="scenarios" finished-at="2026-05-25T07:29:18 IST" duration-ms="34585" status="PASS">
          <params>
            <param index="0">
              <value>
                <![CDATA["New Member Sign up Flow"]]>
              </value>
            </param>
            <param index="1">
              <value>
                <![CDATA["Member Sign up Flow"]]>
              </value>
            </param>
          </params>
          <reporter-output>
          </reporter-output>
        </test-method> <!-- runScenario -->
        <test-method signature="runScenario(io.cucumber.testng.PickleWrapper,io.cucumber.testng.FeatureWrapper)[pri:0, instance:runner.TestRunner@7817fd62]" started-at="2026-05-25T07:29:18 IST" name="runScenario" description="Runs Cucumber Scenarios" data-provider="scenarios" finished-at="2026-05-25T07:29:23 IST" duration-ms="5368" status="PASS">
          <params>
            <param index="0">
              <value>
                <![CDATA["Login Existing User Flow"]]>
              </value>
            </param>
            <param index="1">
              <value>
                <![CDATA["Member Sign up Flow"]]>
              </value>
            </param>
          </params>
          <reporter-output>
          </reporter-output>
        </test-method> <!-- runScenario -->
        <test-method is-config="true" signature="tearDownClass()[pri:0, instance:runner.TestRunner@7817fd62]" started-at="2026-05-25T07:29:23 IST" name="tearDownClass" finished-at="2026-05-25T07:29:23 IST" duration-ms="66" status="PASS">
          <reporter-output>
          </reporter-output>
        </test-method> <!-- tearDownClass -->
      </class> <!-- runner.TestRunner -->
    </test> <!-- Default test -->
  </suite> <!-- Default suite -->
</testng-results>
